{"C:\\Elio\\Microverse\\2022\\Module2\\Week3\\To-Do-List\\src\\modules\\task.js": {"path":"C:\\Elio\\Microverse\\2022\\Module2\\Week3\\To-Do-List\\src\\modules\\task.js","statementMap":{"0":{"start":{"line":2,"column":11},"end":{"line":2,"column":12}},"1":{"start":{"line":4,"column":15},"end":{"line":4,"column":20}},"2":{"start":{"line":6,"column":16},"end":{"line":6,"column":18}},"3":{"start":{"line":9,"column":6},"end":{"line":9,"column":25}},"4":{"start":{"line":10,"column":6},"end":{"line":10,"column":33}},"5":{"start":{"line":11,"column":6},"end":{"line":11,"column":37}}},"fnMap":{"0":{"name":"(anonymous_0)","decl":{"start":{"line":8,"column":4},"end":{"line":8,"column":5}},"loc":{"start":{"line":8,"column":47},"end":{"line":12,"column":5}},"line":8}},"branchMap":{},"s":{"0":1,"1":1,"2":1,"3":1,"4":1,"5":1},"f":{"0":1},"b":{},"_coverageSchema":"1a1c01bbd47fc00a2c39e90264f33305004495a9","hash":"dd5b6d3cebd2e092eb40967a982d7011fb398a24"}
}
